build/app/outputs/mapping/release/seeds.txt
com.horseridingproject.app.MainActivity: MainActivity()
com.horseridingproject.app.MainActivity
...
com.google.firebase.auth.TwitterAuthCredential: android.os.Parcelable$Creator CREATOR
com.facebook.AuthenticationTokenHeader: android.os.Parcelable$Creator CREATOR
kotlinx.coroutines.JobSupport$Finishing: java.lang.Object _exceptionsHolder
io.flutter.embedding.engine.mutatorsstack.FlutterMutatorsStack: android.graphics.Matrix finalMatrix
androidx.window.embedding.EmbeddingAdapter: java.util.function.Predicate translateIntentPredicates(java.util.Set)
kotlin.coroutines.jvm.internal.ContinuationImpl: kotlin.coroutines.Continuation intercepted
androidx.versionedparcelable.CustomVersionedParcelable
androidx.lifecycle.Lifecycle$Event: androidx.lifecycle.Lifecycle$Event valueOf(java.lang.String)
androidx.lifecycle.ProcessLifecycleOwner$3$1: ProcessLifecycleOwner$3$1(androidx.lifecycle.ProcessLifecycleOwner$3)
com.google.firestore.bundle.BundledQuery: int limitType_
io.flutter.view.AccessibilityBridge$StringAttributeType: io.flutter.view.AccessibilityBridge$StringAttributeType[] values()
androidx.appcompat.widget.AppCompatTextView: android.content.res.ColorStateList getSupportCompoundDrawablesTintList()
androidx.appcompat.widget.AppCompatImageButton: android.graphics.PorterDuff$Mode getSupportBackgroundTintMode()
androidx.window.java.layout.WindowInfoTrackerCallbackAdapter: void removeListener(androidx.core.util.Consumer)
androidx.window.layout.WindowMetricsCalculatorCompat: void getRectSizeFromDisplay(android.app.Activity,android.graphics.Rect)
kotlinx.coroutines.EventLoopImplBase: java.lang.Object _queue
com.google.android.gms.auth.api.signin.GoogleSignInOptions: android.os.Parcelable$Creator CREATOR
io.flutter.plugin.platform.SingleViewPresentation: java.lang.Object createParams
androidx.window.java.layout.WindowInfoTrackerCallbackAdapter$addListener$1$1
io.grpc.okhttp.OkHttpChannelBuilder: io.grpc.okhttp.OkHttpChannelBuilder scheduledExecutorService(java.util.concurrent.ScheduledExecutorService)
androidx.window.layout.SidecarWindowBackend: boolean DEBUG
androidx.core.view.ViewCompat$Api21Impl: void callCompatInsetAnimationCallback(android.view.WindowInsets,android.view.View)
io.flutter.plugins.GeneratedPluginRegistrant: java.lang.String TAG
com.google.firebase.firestore.core.LimboDocumentChange$Type: com.google.firebase.firestore.core.LimboDocumentChange$Type valueOf(java.lang.String)
com.google.firestore.v1.StructuredQuery: int WHERE_FIELD_NUMBER
io.flutter.plugins.firebase.core.FlutterFirebasePluginRegistry: java.util.Map registeredPlugins
androidx.window.core.Version$bigInteger$2: androidx.window.core.Version this$0
com.google.firestore.v1.ListenResponse$ResponseTypeCase: com.google.firestore.v1.ListenResponse$ResponseTypeCase valueOf(java.lang.String)
com.facebook.CurrentAccessTokenExpirationBroadcastReceiver
androidx.appcompat.widget.ActionBarOverlayLayout: void setIcon(android.graphics.drawable.Drawable)
io.flutter.embedding.engine.FlutterJNI: void dispatchSemanticsAction(int,int,java.nio.ByteBuffer,int)
android.support.v4.media.MediaMetadataCompat
androidx.appcompat.view.menu.ListMenuItemView: void setIcon(android.graphics.drawable.Drawable)
com.google.android.gms.internal.firebase-auth-api.zzgj: int zzf
androidx.vectordrawable.graphics.drawable.VectorDrawableCompat$VGroup: void setRotation(float)
androidx.appcompat.widget.SearchView$SearchAutoComplete
androidx.appcompat.widget.AppCompatEditText: android.graphics.PorterDuff$Mode getSupportBackgroundTintMode()
androidx.appcompat.widget.AppCompatSpinner: int getDropDownVerticalOffset()
kotlin.jvm.internal.Lambda: Lambda(int)
io.flutter.embedding.engine.FlutterJNI: void nativeSetSemanticsEnabled(long,boolean)
com.google.firebase.auth.PhoneAuthCredential: android.os.Parcelable$Creator CREATOR
androidx.appcompat.widget.ContentFrameLayout: android.util.TypedValue getFixedWidthMajor()
com.journeyapps.barcodescanner.CaptureActivity
io.flutter.embedding.engine.FlutterJNI: long nativeAttach(io.flutter.embedding.engine.FlutterJNI)
androidx.window.layout.FoldingFeature