build/app/outputs/mapping/release/mapping.txt
# compiler: R8
# compiler_version: 2.1.62
# min_api: 21
# pg_map_id: 4322fa7
# common_typos_disable
...
io.grpc.ServiceProviders$PriorityAccessor -> h.b.e1$b:
    boolean isAvailable(java.lang.Object) -> a
    int getPriority(java.lang.Object) -> b
io.grpc.Status -> h.b.f1:
    java.lang.Throwable cause -> c
    io.grpc.Metadata$TrustedAsciiMarshaller STATUS_MESSAGE_MARSHALLER -> p
    io.grpc.Status INTERNAL -> m
    io.grpc.Status UNAVAILABLE -> n
    io.grpc.Status UNAUTHENTICATED -> k
    io.grpc.Status RESOURCE_EXHAUSTED -> l
    io.grpc.Status DEADLINE_EXCEEDED -> i
    io.grpc.Status PERMISSION_DENIED -> j
    io.grpc.Status CANCELLED -> g
    io.grpc.Status UNKNOWN -> h
    java.util.List STATUS_LIST -> e
    io.grpc.Status OK -> f
    io.grpc.Status$Code code -> a
    io.grpc.Metadata$Key CODE_KEY -> o
    java.lang.String description -> b
    boolean FAIL_ON_EQUALS_FOR_TEST -> d
    io.grpc.Metadata$Key MESSAGE_KEY -> q
    java.util.List access$000() -> a
    io.grpc.Status access$400(byte[]) -> b
    io.grpc.StatusException asException() -> c
    io.grpc.StatusRuntimeException asRuntimeException() -> d
    io.grpc.Status augmentDescription(java.lang.String) -> e
    java.util.List buildStatusList() -> f
    java.lang.String formatThrowableMessage(io.grpc.Status) -> g
    io.grpc.Status fromCodeValue(int) -> h
    io.grpc.Status fromCodeValue(byte[]) -> i
    io.grpc.Status fromCodeValueSlow(byte[]) -> j
    io.grpc.Status fromThrowable(java.lang.Throwable) -> k
    java.lang.Throwable getCause() -> l
    io.grpc.Status$Code getCode() -> m
    java.lang.String getDescription() -> n
    boolean isOk() -> o
    io.grpc.Status withCause(java.lang.Throwable) -> p
io.grpc.Status$1 -> h.b.f1$a:
io.grpc.Status$Code -> h.b.f1$b:
    io.grpc.Status$Code ABORTED -> t
    io.grpc.Status$Code OUT_OF_RANGE -> u
    io.grpc.Status$Code[] $VALUES -> A
    io.grpc.Status$Code UNIMPLEMENTED -> v
    io.grpc.Status$Code INTERNAL -> w
    io.grpc.Status$Code ALREADY_EXISTS -> p
    io.grpc.Status$Code PERMISSION_DENIED -> q
    io.grpc.Status$Code RESOURCE_EXHAUSTED -> r
    int value -> h
    io.grpc.Status$Code FAILED_PRECONDITION -> s
    io.grpc.Status$Code UNKNOWN -> l
    io.grpc.Status$Code INVALID_ARGUMENT -> m
    io.grpc.Status$Code DEADLINE_EXCEEDED -> n
    io.grpc.Status$Code NOT_FOUND -> o
    io.grpc.Status$Code OK -> j
    io.grpc.Status$Code CANCELLED -> k
    byte[] valueAscii -> i
    io.grpc.Status$Code UNAVAILABLE -> x
    io.grpc.Status$Code DATA_LOSS -> y
    io.grpc.Status$Code UNAUTHENTICATED -> z
    byte[] access$300(io.grpc.Status$Code) -> d
    io.grpc.Status toStatus() -> e
    int value() -> f
    byte[] valueAscii() -> g
io.grpc.Status$StatusCodeMarshaller -> h.b.f1$c:
    byte[] toAsciiString(java.lang.Object) -> a
    java.lang.Object parseAsciiString(byte[]) -> b
    io.grpc.Status parseAsciiString(byte[]) -> c
    byte[] toAsciiString(io.grpc.Status) -> d
io.grpc.Status$StatusMessageMarshaller -> h.b.f1$d:
    byte[] HEX -> a
    byte[] toAsciiString(java.lang.Object) -> a
    java.lang.Object parseAsciiString(byte[]) -> b
    boolean isEscapingChar(byte) -> c
    java.lang.String parseAsciiString(byte[]) -> d
    java.lang.String parseAsciiStringSlow(byte[]) -> e
    byte[] toAsciiString(java.lang.String) -> f
    byte[] toAsciiStringSlow(byte[],int) -> g
io.grpc.StatusException -> h.b.g1:
    io.grpc.Status status -> h
    boolean fillInStackTrace -> i
    io.grpc.Status getStatus() -> a
io.grpc.StatusRuntimeException -> h.b.h1:
    io.grpc.Status status -> h
    boolean fillInStackTrace -> i
    io.grpc.Status getStatus() -> a
io.grpc.StreamTracer -> h.b.i1:
    void inboundMessage(int) -> a
    void inboundMessageRead(int,long,long) -> b
    void inboundUncompressedSize(long) -> c
    void inboundWireSize(long) -> d
    void outboundMessage(int) -> e
    void outboundMessageSent(int,long,long) -> f
    void outboundUncompressedSize(long) -> g
    void outboundWireSize(long) -> h
    void streamClosed(io.grpc.Status) -> i