build/app/outputs/mapping/release/usage.txt
com.horseridingproject.app.R
com.horseridingproject.app.R$raw
com.horseridingproject.app.R$anim
com.horseridingproject.app.R$interpolator
com.horseridingproject.app.R$style
com.horseridingproject.app.R$styleable
com.horseridingproject.app.R$menu
com.horseridingproject.app.R$layout
com.horseridingproject.app.R$color
com.horseridingproject.app.R$animator
com.horseridingproject.app.R$integer
com.horseridingproject.app.R$string
com.horseridingproject.app.R$mipmap
com.horseridingproject.app.R$xml
com.horseridingproject.app.R$bool
com.horseridingproject.app.R$id
com.horseridingproject.app.R$attr
com.horseridingproject.app.R$dimen
com.horseridingproject.app.BuildConfig
com.horseridingproject.app.R$drawable
...
androidx.browser.browseractions.BrowserActionsFallbackMenuUi$2
kotlin.reflect.KMutableProperty1$Setter
com.google.firebase.firestore.R$layout
com.google.api.DocumentationRule
androidx.fragment.app.FragmentHostCallback:
    public void <init>(android.content.Context,android.os.Handler,int)
    public void onDump(java.lang.String,java.io.FileDescriptor,java.io.PrintWriter,java.lang.String[])
    public void onStartActivityFromFragment(androidx.fragment.app.Fragment,android.content.Intent,int)
    public void onStartIntentSenderFromFragment(androidx.fragment.app.Fragment,android.content.IntentSender,int,android.content.Intent,int,int,int,android.os.Bundle)
    public void onRequestPermissionsFromFragment(androidx.fragment.app.Fragment,java.lang.String[],int)
    public boolean onShouldShowRequestPermissionRationale(java.lang.String)
    public boolean onHasWindowAnimations()
    public int onGetWindowAnimations()
androidx.fragment.app.FragmentTransaction:
    public void <init>()
    private androidx.fragment.app.Fragment createFragment(java.lang.Class,android.os.Bundle)
    public final androidx.fragment.app.FragmentTransaction add(java.lang.Class,android.os.Bundle,java.lang.String)
    public final androidx.fragment.app.FragmentTransaction add(int,java.lang.Class,android.os.Bundle)
    public androidx.fragment.app.FragmentTransaction add(int,androidx.fragment.app.Fragment)
    public final androidx.fragment.app.FragmentTransaction add(int,java.lang.Class,android.os.Bundle,java.lang.String)
    public final androidx.fragment.app.FragmentTransaction replace(int,java.lang.Class,android.os.Bundle)
    public androidx.fragment.app.FragmentTransaction replace(int,androidx.fragment.app.Fragment)
    public final androidx.fragment.app.FragmentTransaction replace(int,java.lang.Class,android.os.Bundle,java.lang.String)
    public androidx.fragment.app.FragmentTransaction replace(int,androidx.fragment.app.Fragment,java.lang.String)
    public androidx.fragment.app.FragmentTransaction hide(androidx.fragment.app.Fragment)
    public androidx.fragment.app.FragmentTransaction show(androidx.fragment.app.Fragment)
    public androidx.fragment.app.FragmentTransaction detach(androidx.fragment.app.Fragment)
    public androidx.fragment.app.FragmentTransaction attach(androidx.fragment.app.Fragment)
com.google.firestore.admin.v1.Index$IndexField$ArrayConfig
androidx.core.app.ActivityCompat$Api31Impl
io.grpc.okhttp.OkHttpChannelBuilder$OkHttpTransportFactory:
    public io.grpc.internal.ClientTransportFactory$SwapChannelCredentialsResult swapChannelCredentials(io.grpc.ChannelCredentials)
androidx.swiperefreshlayout.widget.SwipeRefreshLayout$4
com.google.protobuf.ByteString$BoundedByteString:
    private static final long serialVersionUID
androidx.media.MediaBrowserServiceCompat$ServiceCallbacksCompat
com.google.type.Money$Builder
kotlin.collections.CollectionsKt__IterablesKt$Iterable$1
com.google.common.collect.Synchronized$SynchronizedNavigableMap
kotlinx.coroutines.ThreadContextElement$DefaultImpls
com.google.common.cache.AbstractCache$SimpleStatsCounter
com.squareup.okhttp.internal.framed.FrameWriter
com.google.common.reflect.TypeToken$1
io.grpc.StatusRuntimeException:
    public final io.grpc.Metadata getTrailers()
    private static final long serialVersionUID
androidx.emoji2.text.EmojiDefaults
io.grpc.util.CertificateUtils
androidx.drawerlayout.widget.DrawerLayout
com.google.logging.type.LogSeverity$LogSeverityVerifier
kotlinx.coroutines.flow.FlowKt__ZipKt$combine$$inlined$combineUnsafe$FlowKt__ZipKt$3$2
com.google.common.collect.Iterables$4
com.google.common.io.LittleEndianDataInputStream
com.google.common.base.CharMatcher$Whitespace:
    public boolean matches(char)
    void setBits(java.util.BitSet)
    static final java.lang.String TABLE
    static final int MULTIPLIER
kotlinx.coroutines.flow.FlowKt__ZipKt$combine$$inlined$unsafeFlow$3
androidx.core.text.ICUCompat
com.google.common.collect.TreeTraverser$1